<?xml version="1.0" encoding="UTF-8"?><testsuite errors="0" failures="0" name="com.gorest.testsuite.CRUDTest" skipped="0" tests="4" time="12.36" timestamp="2023-06-05T09:17:52.006+01:00[Europe/London]"><testcase classname="com.gorest.testsuite.CRUDTest" name="This will create a new user"/><testcase classname="com.gorest.testsuite.CRUDTest" name="Verify is the user was added to the database"/><testcase classname="com.gorest.testsuite.CRUDTest" name="Update the user information and verify the updated information"/><testcase classname="com.gorest.testsuite.CRUDTest" name="Delete the user and verify if the user is deleted!"/></testsuite>